<?xml version="1.0" encoding="UTF-8"?>
<testsuite name="su.SkrinVex.SkriCode.engine.ExprCompilerTest" tests="4" skipped="0" failures="0" errors="0" timestamp="2026-08-27T20:14:28.266Z" hostname="notebook" time="0.005">
  <properties/>
  <testcase name="testCompileBuiltinFunc" classname="su.SkrinVex.SkriCode.engine.ExprCompilerTest" time="0.001"/>
  <testcase name="testCompileArithmeticPrecedence" classname="su.SkrinVex.SkriCode.engine.ExprCompilerTest" time="0.001"/>
  <testcase name="testCompileNumberAndVar" classname="su.SkrinVex.SkriCode.engine.ExprCompilerTest" time="0.0"/>
  <testcase name="testCompileCondition" classname="su.SkrinVex.SkriCode.engine.ExprCompilerTest" time="0.001"/>
  <system-out><![CDATA[]]></system-out>
  <system-err><![CDATA[]]></system-err>
</testsuite>
