<?xml version="1.0" encoding="UTF-8"?>
<testsuite name="su.SkrinVex.SkriCode.engine.ExprEvalTest" tests="6" skipped="0" failures="0" errors="0" timestamp="2026-08-27T20:14:28.070Z" hostname="notebook" time="0.168">
  <properties/>
  <testcase name="testConditions" classname="su.SkrinVex.SkriCode.engine.ExprEvalTest" time="0.1"/>
  <testcase name="testScopeEvaluation" classname="su.SkrinVex.SkriCode.engine.ExprEvalTest" time="0.039"/>
  <testcase name="testDynamicScreenOrientation" classname="su.SkrinVex.SkriCode.engine.ExprEvalTest" time="0.006"/>
  <testcase name="testBasicArithmetic" classname="su.SkrinVex.SkriCode.engine.ExprEvalTest" time="0.003"/>
  <testcase name="testNestedParenthesesMatching" classname="su.SkrinVex.SkriCode.engine.ExprEvalTest" time="0.002"/>
  <testcase name="testBuiltinFunctions" classname="su.SkrinVex.SkriCode.engine.ExprEvalTest" time="0.005"/>
  <system-out><![CDATA[]]></system-out>
  <system-err><![CDATA[]]></system-err>
</testsuite>
