<?xml version="1.0" encoding="UTF-8"?>
<testsuite name="su.SkrinVex.SkriCode.engine.SimEngineTest" tests="2" skipped="0" failures="0" errors="0" timestamp="2026-08-27T20:14:28.320Z" hostname="notebook" time="0.342">
  <properties/>
  <testcase name="testSimEngineRun_CreateAndMove" classname="su.SkrinVex.SkriCode.engine.SimEngineTest" time="0.31"/>
  <testcase name="testSimEngineSelectivePropertyMerge" classname="su.SkrinVex.SkriCode.engine.SimEngineTest" time="0.032"/>
  <system-out><![CDATA[]]></system-out>
  <system-err><![CDATA[]]></system-err>
</testsuite>
