<?xml version="1.0" encoding="UTF-8"?>
<testsuite name="su.SkrinVex.SkriCode.engine.ParticleSystemTest" tests="7" skipped="0" failures="0" errors="0" timestamp="2026-08-28T11:10:24.554Z" hostname="notebook" time="0.126">
  <properties/>
  <testcase name="testTickAnimations" classname="su.SkrinVex.SkriCode.engine.ParticleSystemTest" time="0.011"/>
  <testcase name="testTickAnimations_MultiRowAndRange" classname="su.SkrinVex.SkriCode.engine.ParticleSystemTest" time="0.005"/>
  <testcase name="testParticleBurst" classname="su.SkrinVex.SkriCode.engine.ParticleSystemTest" time="0.07"/>
  <testcase name="testTickAnimations_AccumulationAcrossMultipleSmallTicks" classname="su.SkrinVex.SkriCode.engine.ParticleSystemTest" time="0.001"/>
  <testcase name="testParticleTick" classname="su.SkrinVex.SkriCode.engine.ParticleSystemTest" time="0.01"/>
  <testcase name="testTickShake" classname="su.SkrinVex.SkriCode.engine.ParticleSystemTest" time="0.02"/>
  <testcase name="testTickAnimations_NoLoopStopsAtEndFrame" classname="su.SkrinVex.SkriCode.engine.ParticleSystemTest" time="0.003"/>
  <system-out><![CDATA[]]></system-out>
  <system-err><![CDATA[]]></system-err>
</testsuite>
