<?xml version="1.0" encoding="UTF-8"?>
<testsuite name="su.SkrinVex.SkriCode.engine.PhysicsWorldTest" tests="3" skipped="0" failures="0" errors="0" timestamp="2026-08-27T20:48:28.299Z" hostname="notebook" time="0.093">
  <properties/>
  <testcase name="testPhysicsWorldCollisionAndRestitution" classname="su.SkrinVex.SkriCode.engine.PhysicsWorldTest" time="0.077"/>
  <testcase name="testPhysicsWorldTick_GravityAndMotion" classname="su.SkrinVex.SkriCode.engine.PhysicsWorldTest" time="0.008"/>
  <testcase name="testSeparatingObjectsDoNotStick" classname="su.SkrinVex.SkriCode.engine.PhysicsWorldTest" time="0.001"/>
  <system-out><![CDATA[]]></system-out>
  <system-err><![CDATA[]]></system-err>
</testsuite>
