<?xml version="1.0" encoding="UTF-8"?>
<testsuite name="su.SkrinVex.SkriCode.engine.ExprEvalTest" tests="6" skipped="0" failures="0" errors="0" timestamp="2026-08-28T11:10:24.206Z" hostname="notebook" time="0.305">
  <properties/>
  <testcase name="testConditions" classname="su.SkrinVex.SkriCode.engine.ExprEvalTest" time="0.016"/>
  <testcase name="testScopeEvaluation" classname="su.SkrinVex.SkriCode.engine.ExprEvalTest" time="0.232"/>
  <testcase name="testDynamicScreenOrientation" classname="su.SkrinVex.SkriCode.engine.ExprEvalTest" time="0.021"/>
  <testcase name="testBasicArithmetic" classname="su.SkrinVex.SkriCode.engine.ExprEvalTest" time="0.012"/>
  <testcase name="testNestedParenthesesMatching" classname="su.SkrinVex.SkriCode.engine.ExprEvalTest" time="0.001"/>
  <testcase name="testBuiltinFunctions" classname="su.SkrinVex.SkriCode.engine.ExprEvalTest" time="0.014"/>
  <system-out><![CDATA[]]></system-out>
  <system-err><![CDATA[]]></system-err>
</testsuite>
