<?xml version="1.0" encoding="UTF-8"?>
<testsuite name="su.SkrinVex.SkriCode.engine.BlockCompilerTest" tests="3" skipped="0" failures="0" errors="0" timestamp="2026-08-27T20:48:25.615Z" hostname="notebook" time="1.301">
  <properties/>
  <testcase name="testCompileIfElseBlocks" classname="su.SkrinVex.SkriCode.engine.BlockCompilerTest" time="0.933"/>
  <testcase name="testCompileForLoop" classname="su.SkrinVex.SkriCode.engine.BlockCompilerTest" time="0.175"/>
  <testcase name="testCompileAnimationAndVisualBlocks" classname="su.SkrinVex.SkriCode.engine.BlockCompilerTest" time="0.073"/>
  <system-out><![CDATA[]]></system-out>
  <system-err><![CDATA[]]></system-err>
</testsuite>
