<?xml version="1.0" encoding="UTF-8"?>
<testsuite name="su.SkrinVex.SkriCode.engine.ParticleSystemTest" tests="4" skipped="0" failures="0" errors="0" timestamp="2026-08-27T20:48:28.141Z" hostname="notebook" time="0.131">
  <properties/>
  <testcase name="testTickAnimations" classname="su.SkrinVex.SkriCode.engine.ParticleSystemTest" time="0.013"/>
  <testcase name="testParticleBurst" classname="su.SkrinVex.SkriCode.engine.ParticleSystemTest" time="0.083"/>
  <testcase name="testParticleTick" classname="su.SkrinVex.SkriCode.engine.ParticleSystemTest" time="0.019"/>
  <testcase name="testTickShake" classname="su.SkrinVex.SkriCode.engine.ParticleSystemTest" time="0.01"/>
  <system-out><![CDATA[]]></system-out>
  <system-err><![CDATA[]]></system-err>
</testsuite>
