<?xml version="1.0" encoding="UTF-8"?>
<testsuite name="su.SkrinVex.SkriCode.engine.SimEngineTest" tests="4" skipped="0" failures="0" errors="0" timestamp="2026-08-28T11:10:24.876Z" hostname="notebook" time="1.214">
  <properties/>
  <testcase name="testSimEngineRun_CreateAndMove" classname="su.SkrinVex.SkriCode.engine.SimEngineTest" time="1.085"/>
  <testcase name="testMissingSpriteErrorLogging" classname="su.SkrinVex.SkriCode.engine.SimEngineTest" time="0.029"/>
  <testcase name="testMissingObjectErrorLogging" classname="su.SkrinVex.SkriCode.engine.SimEngineTest" time="0.021"/>
  <testcase name="testSimEngineSelectivePropertyMerge" classname="su.SkrinVex.SkriCode.engine.SimEngineTest" time="0.068"/>
  <system-out><![CDATA[]]></system-out>
  <system-err><![CDATA[]]></system-err>
</testsuite>
