<?xml version="1.0" encoding="UTF-8"?>
<testsuite name="su.SkrinVex.SkriCode.engine.BlockCompilerTest" tests="2" skipped="0" failures="0" errors="0" timestamp="2026-08-27T20:14:28.245Z" hostname="notebook" time="0.017">
  <properties/>
  <testcase name="testCompileIfElseBlocks" classname="su.SkrinVex.SkriCode.engine.BlockCompilerTest" time="0.009"/>
  <testcase name="testCompileForLoop" classname="su.SkrinVex.SkriCode.engine.BlockCompilerTest" time="0.007"/>
  <system-out><![CDATA[]]></system-out>
  <system-err><![CDATA[]]></system-err>
</testsuite>
